E:\Populis_SI_Data\Monitora\monitora-repo\monitora-server\node_modules\firebase\node_modules\faye-websocket\node_modules\websocket-driver\node_modules\websocket-extensions\lib\websocket_extensions.js:133
    this._pipeline.processIncomingMessage(message, callback, context);
                  ^

TypeError: Cannot read property 'processIncomingMessage' of undefined
    at instance.processIncomingMessage (E:\Populis_SI_Data\Monitora\monitora-repo\monitora-server\node_modules\firebase\node_modules\faye-websocket\node_modules\websocket-driver\node_modules\websocket-extensions\lib\websocket_extensions.js:133:19)
    at instance._emitMessage (E:\Populis_SI_Data\Monitora\monitora-repo\monitora-server\node_modules\firebase\node_modules\faye-websocket\node_modules\websocket-driver\lib\websocket\driver\hybi.js:442:22)
    at instance._emitFrame (E:\Populis_SI_Data\Monitora\monitora-repo\monitora-server\node_modules\firebase\node_modules\faye-websocket\node_modules\websocket-driver\lib\websocket\driver\hybi.js:405:19)
    at instance.parse (E:\Populis_SI_Data\Monitora\monitora-repo\monitora-server\node_modules\firebase\node_modules\faye-websocket\node_modules\websocket-driver\lib\websocket\driver\hybi.js:144:18)
    at instance.parse (E:\Populis_SI_Data\Monitora\monitora-repo\monitora-server\node_modules\firebase\node_modules\faye-websocket\node_modules\websocket-driver\lib\websocket\driver\client.js:56:58)
    at IO.write (E:\Populis_SI_Data\Monitora\monitora-repo\monitora-server\node_modules\firebase\node_modules\faye-websocket\node_modules\websocket-driver\lib\websocket\streams.js:80:16)
    at TLSSocket.ondata (_stream_readable.js:536:20)
    at emitOne (events.js:77:13)
    at TLSSocket.emit (events.js:169:7)
    at readableAddChunk (_stream_readable.js:153:18)
undefined:1
()
  

SyntaxError: Unexpected end of input
    at ChecaAplicativo.handleSucesso (E:\Populis_SI_Data\Monitora\monitora-repo\monitora-server\checa-aplicativo.js:105:61)
    at null.<anonymous> (E:\Populis_SI_Data\Monitora\monitora-repo\monitora-server\checa-aplicativo.js:57:31)
    at Request.self.callback (E:\Populis_SI_Data\Monitora\monitora-repo\monitora-server\node_modules\request\request.js:200:22)
    at emitTwo (events.js:87:13)
    at Request.emit (events.js:172:7)
    at Request.<anonymous> (E:\Populis_SI_Data\Monitora\monitora-repo\monitora-server\node_modules\request\request.js:1067:10)
    at emitOne (events.js:82:20)
    at Request.emit (events.js:169:7)
    at IncomingMessage.<anonymous> (E:\Populis_SI_Data\Monitora\monitora-repo\monitora-server\node_modules\request\request.js:988:12)
    at emitNone (events.js:72:20)
    at IncomingMessage.emit (events.js:166:7)
undefined:1
()
  

SyntaxError: Unexpected end of input
    at ChecaAplicativo.handleSucesso (E:\Populis_SI_Data\Monitora\monitora-repo\monitora-server\checa-aplicativo.js:105:61)
    at null.<anonymous> (E:\Populis_SI_Data\Monitora\monitora-repo\monitora-server\checa-aplicativo.js:57:31)
    at Request.self.callback (E:\Populis_SI_Data\Monitora\monitora-repo\monitora-server\node_modules\request\request.js:200:22)
    at emitTwo (events.js:87:13)
    at Request.emit (events.js:172:7)
    at Request.<anonymous> (E:\Populis_SI_Data\Monitora\monitora-repo\monitora-server\node_modules\request\request.js:1067:10)
    at emitOne (events.js:82:20)
    at Request.emit (events.js:169:7)
    at IncomingMessage.<anonymous> (E:\Populis_SI_Data\Monitora\monitora-repo\monitora-server\node_modules\request\request.js:988:12)
    at emitNone (events.js:72:20)
    at IncomingMessage.emit (events.js:166:7)
undefined:1
()
  

SyntaxError: Unexpected end of input
    at ChecaAplicativo.handleSucesso (E:\Populis_SI_Data\Monitora\monitora-repo\monitora-server\checa-aplicativo.js:105:61)
    at null.<anonymous> (E:\Populis_SI_Data\Monitora\monitora-repo\monitora-server\checa-aplicativo.js:57:31)
    at Request.self.callback (E:\Populis_SI_Data\Monitora\monitora-repo\monitora-server\node_modules\request\request.js:200:22)
    at emitTwo (events.js:87:13)
    at Request.emit (events.js:172:7)
    at Request.<anonymous> (E:\Populis_SI_Data\Monitora\monitora-repo\monitora-server\node_modules\request\request.js:1067:10)
    at emitOne (events.js:82:20)
    at Request.emit (events.js:169:7)
    at IncomingMessage.<anonymous> (E:\Populis_SI_Data\Monitora\monitora-repo\monitora-server\node_modules\request\request.js:988:12)
    at emitNone (events.js:72:20)
undefined:1
()
  

SyntaxError: Unexpected end of input
    at ChecaAplicativo.handleSucesso (E:\Populis_SI_Data\Monitora\monitora-repo\monitora-server\checa-aplicativo.js:105:61)
    at null.<anonymous> (E:\Populis_SI_Data\Monitora\monitora-repo\monitora-server\checa-aplicativo.js:57:31)
    at Request.self.callback (E:\Populis_SI_Data\Monitora\monitora-repo\monitora-server\node_modules\request\request.js:200:22)
    at emitTwo (events.js:87:13)
    at Request.emit (events.js:172:7)
    at Request.<anonymous> (E:\Populis_SI_Data\Monitora\monitora-repo\monitora-server\node_modules\request\request.js:1067:10)
    at emitOne (events.js:82:20)
    at Request.emit (events.js:169:7)
    at IncomingMessage.<anonymous> (E:\Populis_SI_Data\Monitora\monitora-repo\monitora-server\node_modules\request\request.js:988:12)
    at emitNone (events.js:72:20)
    at IncomingMessage.emit (events.js:166:7)
undefined:1
()
  

SyntaxError: Unexpected end of input
    at ChecaAplicativo.handleSucesso (E:\Populis_SI_Data\Monitora\monitora-repo\monitora-server\checa-aplicativo.js:105:61)
    at null.<anonymous> (E:\Populis_SI_Data\Monitora\monitora-repo\monitora-server\checa-aplicativo.js:57:31)
    at Request.self.callback (E:\Populis_SI_Data\Monitora\monitora-repo\monitora-server\node_modules\request\request.js:200:22)
    at emitTwo (events.js:87:13)
    at Request.emit (events.js:172:7)
    at Request.<anonymous> (E:\Populis_SI_Data\Monitora\monitora-repo\monitora-server\node_modules\request\request.js:1067:10)
    at emitOne (events.js:82:20)
    at Request.emit (events.js:169:7)
    at IncomingMessage.<anonymous> (E:\Populis_SI_Data\Monitora\monitora-repo\monitora-server\node_modules\request\request.js:988:12)
    at emitNone (events.js:72:20)
    at IncomingMessage.emit (events.js:166:7)
undefined:1
()
  

SyntaxError: Unexpected end of input
    at ChecaAplicativo.handleSucesso (E:\Populis_SI_Data\Monitora\monitora-repo\monitora-server\checa-aplicativo.js:105:61)
    at null.<anonymous> (E:\Populis_SI_Data\Monitora\monitora-repo\monitora-server\checa-aplicativo.js:57:31)
    at Request.self.callback (E:\Populis_SI_Data\Monitora\monitora-repo\monitora-server\node_modules\request\request.js:200:22)
    at emitTwo (events.js:87:13)
    at Request.emit (events.js:172:7)
    at Request.<anonymous> (E:\Populis_SI_Data\Monitora\monitora-repo\monitora-server\node_modules\request\request.js:1067:10)
    at emitOne (events.js:82:20)
    at Request.emit (events.js:169:7)
    at IncomingMessage.<anonymous> (E:\Populis_SI_Data\Monitora\monitora-repo\monitora-server\node_modules\request\request.js:988:12)
    at emitNone (events.js:72:20)
    at IncomingMessage.emit (events.js:166:7)
undefined:1
()
  

SyntaxError: Unexpected end of input
    at ChecaAplicativo.handleSucesso (E:\Populis_SI_Data\Monitora\monitora-repo\monitora-server\checa-aplicativo.js:105:61)
    at null.<anonymous> (E:\Populis_SI_Data\Monitora\monitora-repo\monitora-server\checa-aplicativo.js:57:31)
    at Request.self.callback (E:\Populis_SI_Data\Monitora\monitora-repo\monitora-server\node_modules\request\request.js:200:22)
    at emitTwo (events.js:87:13)
    at Request.emit (events.js:172:7)
    at Request.<anonymous> (E:\Populis_SI_Data\Monitora\monitora-repo\monitora-server\node_modules\request\request.js:1067:10)
    at emitOne (events.js:82:20)
    at Request.emit (events.js:169:7)
    at IncomingMessage.<anonymous> (E:\Populis_SI_Data\Monitora\monitora-repo\monitora-server\node_modules\request\request.js:988:12)
    at emitNone (events.js:72:20)
    at IncomingMessage.emit (events.js:166:7)
undefined:1
()
  

SyntaxError: Unexpected end of input
    at ChecaAplicativo.handleSucesso (E:\Populis_SI_Data\Monitora\monitora-repo\monitora-server\checa-aplicativo.js:105:61)
    at null.<anonymous> (E:\Populis_SI_Data\Monitora\monitora-repo\monitora-server\checa-aplicativo.js:57:31)
    at Request.self.callback (E:\Populis_SI_Data\Monitora\monitora-repo\monitora-server\node_modules\request\request.js:200:22)
    at emitTwo (events.js:87:13)
    at Request.emit (events.js:172:7)
    at Request.<anonymous> (E:\Populis_SI_Data\Monitora\monitora-repo\monitora-server\node_modules\request\request.js:1067:10)
    at emitOne (events.js:82:20)
    at Request.emit (events.js:169:7)
    at IncomingMessage.<anonymous> (E:\Populis_SI_Data\Monitora\monitora-repo\monitora-server\node_modules\request\request.js:988:12)
    at emitNone (events.js:72:20)
undefined:1
()
  

SyntaxError: Unexpected end of input
    at ChecaAplicativo.handleSucesso (E:\Populis_SI_Data\Monitora\monitora-repo\monitora-server\checa-aplicativo.js:105:61)
    at null.<anonymous> (E:\Populis_SI_Data\Monitora\monitora-repo\monitora-server\checa-aplicativo.js:57:31)
    at Request.self.callback (E:\Populis_SI_Data\Monitora\monitora-repo\monitora-server\node_modules\request\request.js:200:22)
    at emitTwo (events.js:87:13)
    at Request.emit (events.js:172:7)
    at Request.<anonymous> (E:\Populis_SI_Data\Monitora\monitora-repo\monitora-server\node_modules\request\request.js:1067:10)
    at emitOne (events.js:82:20)
    at Request.emit (events.js:169:7)
    at IncomingMessage.<anonymous> (E:\Populis_SI_Data\Monitora\monitora-repo\monitora-server\node_modules\request\request.js:988:12)
    at emitNone (events.js:72:20)
    at IncomingMessage.emit (events.js:166:7)
undefined:1
()
  

SyntaxError: Unexpected end of input
    at ChecaAplicativo.handleSucesso (E:\Populis_SI_Data\Monitora\monitora-repo\monitora-server\checa-aplicativo.js:105:61)
    at null.<anonymous> (E:\Populis_SI_Data\Monitora\monitora-repo\monitora-server\checa-aplicativo.js:57:31)
    at Request.self.callback (E:\Populis_SI_Data\Monitora\monitora-repo\monitora-server\node_modules\request\request.js:200:22)
    at emitTwo (events.js:87:13)
    at Request.emit (events.js:172:7)
    at Request.<anonymous> (E:\Populis_SI_Data\Monitora\monitora-repo\monitora-server\node_modules\request\request.js:1067:10)
    at emitOne (events.js:82:20)
    at Request.emit (events.js:169:7)
    at IncomingMessage.<anonymous> (E:\Populis_SI_Data\Monitora\monitora-repo\monitora-server\node_modules\request\request.js:988:12)
    at emitNone (events.js:72:20)
undefined:1
()
  

SyntaxError: Unexpected end of input
    at ChecaAplicativo.handleSucesso (E:\Populis_SI_Data\Monitora\monitora-repo\monitora-server\checa-aplicativo.js:105:61)
    at null.<anonymous> (E:\Populis_SI_Data\Monitora\monitora-repo\monitora-server\checa-aplicativo.js:57:31)
    at Request.self.callback (E:\Populis_SI_Data\Monitora\monitora-repo\monitora-server\node_modules\request\request.js:200:22)
    at emitTwo (events.js:87:13)
    at Request.emit (events.js:172:7)
    at Request.<anonymous> (E:\Populis_SI_Data\Monitora\monitora-repo\monitora-server\node_modules\request\request.js:1067:10)
    at emitOne (events.js:82:20)
    at Request.emit (events.js:169:7)
    at IncomingMessage.<anonymous> (E:\Populis_SI_Data\Monitora\monitora-repo\monitora-server\node_modules\request\request.js:988:12)
    at emitNone (events.js:72:20)
    at IncomingMessage.emit (events.js:166:7)
undefined:1
()
  

SyntaxError: Unexpected end of input
    at ChecaAplicativo.handleSucesso (E:\Populis_SI_Data\Monitora\monitora-repo\monitora-server\checa-aplicativo.js:105:61)
    at null.<anonymous> (E:\Populis_SI_Data\Monitora\monitora-repo\monitora-server\checa-aplicativo.js:57:31)
    at Request.self.callback (E:\Populis_SI_Data\Monitora\monitora-repo\monitora-server\node_modules\request\request.js:200:22)
    at emitTwo (events.js:87:13)
    at Request.emit (events.js:172:7)
    at Request.<anonymous> (E:\Populis_SI_Data\Monitora\monitora-repo\monitora-server\node_modules\request\request.js:1067:10)
    at emitOne (events.js:82:20)
    at Request.emit (events.js:169:7)
    at IncomingMessage.<anonymous> (E:\Populis_SI_Data\Monitora\monitora-repo\monitora-server\node_modules\request\request.js:988:12)
    at emitNone (events.js:72:20)
    at IncomingMessage.emit (events.js:166:7)
undefined:1
()
  

SyntaxError: Unexpected end of input
    at ChecaAplicativo.handleSucesso (E:\Populis_SI_Data\Monitora\monitora-repo\monitora-server\checa-aplicativo.js:105:61)
    at null.<anonymous> (E:\Populis_SI_Data\Monitora\monitora-repo\monitora-server\checa-aplicativo.js:57:31)
    at Request.self.callback (E:\Populis_SI_Data\Monitora\monitora-repo\monitora-server\node_modules\request\request.js:200:22)
    at emitTwo (events.js:87:13)
    at Request.emit (events.js:172:7)
    at Request.<anonymous> (E:\Populis_SI_Data\Monitora\monitora-repo\monitora-server\node_modules\request\request.js:1067:10)
    at emitOne (events.js:82:20)
    at Request.emit (events.js:169:7)
    at IncomingMessage.<anonymous> (E:\Populis_SI_Data\Monitora\monitora-repo\monitora-server\node_modules\request\request.js:988:12)
    at emitNone (events.js:72:20)
undefined:1
()
  

SyntaxError: Unexpected end of input
    at ChecaAplicativo.handleSucesso (E:\Populis_SI_Data\Monitora\monitora-repo\monitora-server\checa-aplicativo.js:105:61)
    at null.<anonymous> (E:\Populis_SI_Data\Monitora\monitora-repo\monitora-server\checa-aplicativo.js:57:31)
    at Request.self.callback (E:\Populis_SI_Data\Monitora\monitora-repo\monitora-server\node_modules\request\request.js:200:22)
    at emitTwo (events.js:87:13)
    at Request.emit (events.js:172:7)
    at Request.<anonymous> (E:\Populis_SI_Data\Monitora\monitora-repo\monitora-server\node_modules\request\request.js:1067:10)
    at emitOne (events.js:82:20)
    at Request.emit (events.js:169:7)
    at IncomingMessage.<anonymous> (E:\Populis_SI_Data\Monitora\monitora-repo\monitora-server\node_modules\request\request.js:988:12)
    at emitNone (events.js:72:20)
    at IncomingMessage.emit (events.js:166:7)
undefined:1
()
  

SyntaxError: Unexpected end of input
    at ChecaAplicativo.handleSucesso (E:\Populis_SI_Data\Monitora\monitora-repo\monitora-server\checa-aplicativo.js:105:61)
    at null.<anonymous> (E:\Populis_SI_Data\Monitora\monitora-repo\monitora-server\checa-aplicativo.js:57:31)
    at Request.self.callback (E:\Populis_SI_Data\Monitora\monitora-repo\monitora-server\node_modules\request\request.js:200:22)
    at emitTwo (events.js:87:13)
    at Request.emit (events.js:172:7)
    at Request.<anonymous> (E:\Populis_SI_Data\Monitora\monitora-repo\monitora-server\node_modules\request\request.js:1067:10)
    at emitOne (events.js:82:20)
    at Request.emit (events.js:169:7)
    at IncomingMessage.<anonymous> (E:\Populis_SI_Data\Monitora\monitora-repo\monitora-server\node_modules\request\request.js:988:12)
    at emitNone (events.js:72:20)
undefined:1
()
  

SyntaxError: Unexpected end of input
    at ChecaAplicativo.handleSucesso (E:\Populis_SI_Data\Monitora\monitora-repo\monitora-server\checa-aplicativo.js:105:61)
    at null.<anonymous> (E:\Populis_SI_Data\Monitora\monitora-repo\monitora-server\checa-aplicativo.js:57:31)
    at Request.self.callback (E:\Populis_SI_Data\Monitora\monitora-repo\monitora-server\node_modules\request\request.js:200:22)
    at emitTwo (events.js:87:13)
    at Request.emit (events.js:172:7)
    at Request.<anonymous> (E:\Populis_SI_Data\Monitora\monitora-repo\monitora-server\node_modules\request\request.js:1067:10)
    at emitOne (events.js:82:20)
    at Request.emit (events.js:169:7)
    at IncomingMessage.<anonymous> (E:\Populis_SI_Data\Monitora\monitora-repo\monitora-server\node_modules\request\request.js:988:12)
    at emitNone (events.js:72:20)
    at IncomingMessage.emit (events.js:166:7)
undefined:1
()
  

SyntaxError: Unexpected end of input
    at ChecaAplicativo.handleSucesso (E:\Populis_SI_Data\Monitora\monitora-repo\monitora-server\checa-aplicativo.js:105:61)
    at null.<anonymous> (E:\Populis_SI_Data\Monitora\monitora-repo\monitora-server\checa-aplicativo.js:57:31)
    at Request.self.callback (E:\Populis_SI_Data\Monitora\monitora-repo\monitora-server\node_modules\request\request.js:200:22)
    at emitTwo (events.js:87:13)
    at Request.emit (events.js:172:7)
    at Request.<anonymous> (E:\Populis_SI_Data\Monitora\monitora-repo\monitora-server\node_modules\request\request.js:1067:10)
    at emitOne (events.js:82:20)
    at Request.emit (events.js:169:7)
    at IncomingMessage.<anonymous> (E:\Populis_SI_Data\Monitora\monitora-repo\monitora-server\node_modules\request\request.js:988:12)
    at emitNone (events.js:72:20)
undefined:1
()
  

SyntaxError: Unexpected end of input
    at ChecaAplicativo.handleSucesso (E:\Populis_SI_Data\Monitora\monitora-repo\monitora-server\checa-aplicativo.js:105:61)
    at null.<anonymous> (E:\Populis_SI_Data\Monitora\monitora-repo\monitora-server\checa-aplicativo.js:57:31)
    at Request.self.callback (E:\Populis_SI_Data\Monitora\monitora-repo\monitora-server\node_modules\request\request.js:200:22)
    at emitTwo (events.js:87:13)
    at Request.emit (events.js:172:7)
    at Request.<anonymous> (E:\Populis_SI_Data\Monitora\monitora-repo\monitora-server\node_modules\request\request.js:1067:10)
    at emitOne (events.js:82:20)
    at Request.emit (events.js:169:7)
    at IncomingMessage.<anonymous> (E:\Populis_SI_Data\Monitora\monitora-repo\monitora-server\node_modules\request\request.js:988:12)
    at emitNone (events.js:72:20)
    at IncomingMessage.emit (events.js:166:7)
undefined:1
()
  

SyntaxError: Unexpected end of input
    at ChecaAplicativo.handleSucesso (E:\Populis_SI_Data\Monitora\monitora-repo\monitora-server\checa-aplicativo.js:105:61)
    at null.<anonymous> (E:\Populis_SI_Data\Monitora\monitora-repo\monitora-server\checa-aplicativo.js:57:31)
    at Request.self.callback (E:\Populis_SI_Data\Monitora\monitora-repo\monitora-server\node_modules\request\request.js:200:22)
    at emitTwo (events.js:87:13)
    at Request.emit (events.js:172:7)
    at Request.<anonymous> (E:\Populis_SI_Data\Monitora\monitora-repo\monitora-server\node_modules\request\request.js:1067:10)
    at emitOne (events.js:82:20)
    at Request.emit (events.js:169:7)
    at IncomingMessage.<anonymous> (E:\Populis_SI_Data\Monitora\monitora-repo\monitora-server\node_modules\request\request.js:988:12)
    at emitNone (events.js:72:20)
undefined:1
()
  

SyntaxError: Unexpected end of input
    at ChecaAplicativo.handleSucesso (E:\Populis_SI_Data\Monitora\monitora-repo\monitora-server\checa-aplicativo.js:105:61)
    at null.<anonymous> (E:\Populis_SI_Data\Monitora\monitora-repo\monitora-server\checa-aplicativo.js:57:31)
    at Request.self.callback (E:\Populis_SI_Data\Monitora\monitora-repo\monitora-server\node_modules\request\request.js:200:22)
    at emitTwo (events.js:87:13)
    at Request.emit (events.js:172:7)
    at Request.<anonymous> (E:\Populis_SI_Data\Monitora\monitora-repo\monitora-server\node_modules\request\request.js:1067:10)
    at emitOne (events.js:82:20)
    at Request.emit (events.js:169:7)
    at IncomingMessage.<anonymous> (E:\Populis_SI_Data\Monitora\monitora-repo\monitora-server\node_modules\request\request.js:988:12)
    at emitNone (events.js:72:20)
undefined:1
()
  

SyntaxError: Unexpected end of input
    at ChecaAplicativo.handleSucesso (E:\Populis_SI_Data\Monitora\monitora-repo\monitora-server\checa-aplicativo.js:105:61)
    at null.<anonymous> (E:\Populis_SI_Data\Monitora\monitora-repo\monitora-server\checa-aplicativo.js:57:31)
    at Request.self.callback (E:\Populis_SI_Data\Monitora\monitora-repo\monitora-server\node_modules\request\request.js:200:22)
    at emitTwo (events.js:87:13)
    at Request.emit (events.js:172:7)
    at Request.<anonymous> (E:\Populis_SI_Data\Monitora\monitora-repo\monitora-server\node_modules\request\request.js:1067:10)
    at emitOne (events.js:82:20)
    at Request.emit (events.js:169:7)
    at IncomingMessage.<anonymous> (E:\Populis_SI_Data\Monitora\monitora-repo\monitora-server\node_modules\request\request.js:988:12)
    at emitNone (events.js:72:20)
undefined:1
()
  

SyntaxError: Unexpected end of input
    at ChecaAplicativo.handleSucesso (E:\Populis_SI_Data\Monitora\monitora-repo\monitora-server\checa-aplicativo.js:105:61)
    at null.<anonymous> (E:\Populis_SI_Data\Monitora\monitora-repo\monitora-server\checa-aplicativo.js:57:31)
    at Request.self.callback (E:\Populis_SI_Data\Monitora\monitora-repo\monitora-server\node_modules\request\request.js:200:22)
    at emitTwo (events.js:87:13)
    at Request.emit (events.js:172:7)
    at Request.<anonymous> (E:\Populis_SI_Data\Monitora\monitora-repo\monitora-server\node_modules\request\request.js:1067:10)
    at emitOne (events.js:82:20)
    at Request.emit (events.js:169:7)
    at IncomingMessage.<anonymous> (E:\Populis_SI_Data\Monitora\monitora-repo\monitora-server\node_modules\request\request.js:988:12)
    at emitNone (events.js:72:20)
    at IncomingMessage.emit (events.js:166:7)
undefined:1
()
  

SyntaxError: Unexpected end of input
    at ChecaAplicativo.handleSucesso (E:\Populis_SI_Data\Monitora\monitora-repo\monitora-server\checa-aplicativo.js:105:61)
    at null.<anonymous> (E:\Populis_SI_Data\Monitora\monitora-repo\monitora-server\checa-aplicativo.js:57:31)
    at Request.self.callback (E:\Populis_SI_Data\Monitora\monitora-repo\monitora-server\node_modules\request\request.js:200:22)
    at emitTwo (events.js:87:13)
    at Request.emit (events.js:172:7)
    at Request.<anonymous> (E:\Populis_SI_Data\Monitora\monitora-repo\monitora-server\node_modules\request\request.js:1067:10)
    at emitOne (events.js:82:20)
    at Request.emit (events.js:169:7)
    at IncomingMessage.<anonymous> (E:\Populis_SI_Data\Monitora\monitora-repo\monitora-server\node_modules\request\request.js:988:12)
    at emitNone (events.js:72:20)
undefined:1
()
  

SyntaxError: Unexpected end of input
    at ChecaAplicativo.handleSucesso (E:\Populis_SI_Data\Monitora\monitora-repo\monitora-server\checa-aplicativo.js:105:61)
    at null.<anonymous> (E:\Populis_SI_Data\Monitora\monitora-repo\monitora-server\checa-aplicativo.js:57:31)
    at Request.self.callback (E:\Populis_SI_Data\Monitora\monitora-repo\monitora-server\node_modules\request\request.js:200:22)
    at emitTwo (events.js:87:13)
    at Request.emit (events.js:172:7)
    at Request.<anonymous> (E:\Populis_SI_Data\Monitora\monitora-repo\monitora-server\node_modules\request\request.js:1067:10)
    at emitOne (events.js:82:20)
    at Request.emit (events.js:169:7)
    at IncomingMessage.<anonymous> (E:\Populis_SI_Data\Monitora\monitora-repo\monitora-server\node_modules\request\request.js:988:12)
    at emitNone (events.js:72:20)
undefined:1
()
  

SyntaxError: Unexpected end of input
    at ChecaAplicativo.handleSucesso (E:\Populis_SI_Data\Monitora\monitora-repo\monitora-server\checa-aplicativo.js:105:61)
    at null.<anonymous> (E:\Populis_SI_Data\Monitora\monitora-repo\monitora-server\checa-aplicativo.js:57:31)
    at Request.self.callback (E:\Populis_SI_Data\Monitora\monitora-repo\monitora-server\node_modules\request\request.js:200:22)
    at emitTwo (events.js:87:13)
    at Request.emit (events.js:172:7)
    at Request.<anonymous> (E:\Populis_SI_Data\Monitora\monitora-repo\monitora-server\node_modules\request\request.js:1067:10)
    at emitOne (events.js:82:20)
    at Request.emit (events.js:169:7)
    at IncomingMessage.<anonymous> (E:\Populis_SI_Data\Monitora\monitora-repo\monitora-server\node_modules\request\request.js:988:12)
    at emitNone (events.js:72:20)
    at IncomingMessage.emit (events.js:166:7)
undefined:1
()
  

SyntaxError: Unexpected end of input
    at ChecaAplicativo.handleSucesso (E:\Populis_SI_Data\Monitora\monitora-repo\monitora-server\checa-aplicativo.js:105:61)
    at null.<anonymous> (E:\Populis_SI_Data\Monitora\monitora-repo\monitora-server\checa-aplicativo.js:57:31)
    at Request.self.callback (E:\Populis_SI_Data\Monitora\monitora-repo\monitora-server\node_modules\request\request.js:200:22)
    at emitTwo (events.js:87:13)
    at Request.emit (events.js:172:7)
    at Request.<anonymous> (E:\Populis_SI_Data\Monitora\monitora-repo\monitora-server\node_modules\request\request.js:1067:10)
    at emitOne (events.js:82:20)
    at Request.emit (events.js:169:7)
    at IncomingMessage.<anonymous> (E:\Populis_SI_Data\Monitora\monitora-repo\monitora-server\node_modules\request\request.js:988:12)
    at emitNone (events.js:72:20)
undefined:1
()
  

SyntaxError: Unexpected end of input
    at ChecaAplicativo.handleSucesso (E:\Populis_SI_Data\Monitora\monitora-repo\monitora-server\checa-aplicativo.js:105:61)
    at null.<anonymous> (E:\Populis_SI_Data\Monitora\monitora-repo\monitora-server\checa-aplicativo.js:57:31)
    at Request.self.callback (E:\Populis_SI_Data\Monitora\monitora-repo\monitora-server\node_modules\request\request.js:200:22)
    at emitTwo (events.js:87:13)
    at Request.emit (events.js:172:7)
    at Request.<anonymous> (E:\Populis_SI_Data\Monitora\monitora-repo\monitora-server\node_modules\request\request.js:1067:10)
    at emitOne (events.js:82:20)
    at Request.emit (events.js:169:7)
    at IncomingMessage.<anonymous> (E:\Populis_SI_Data\Monitora\monitora-repo\monitora-server\node_modules\request\request.js:988:12)
    at emitNone (events.js:72:20)
undefined:1
()
  

SyntaxError: Unexpected end of input
    at ChecaAplicativo.handleSucesso (E:\Populis_SI_Data\Monitora\monitora-repo\monitora-server\checa-aplicativo.js:105:61)
    at null.<anonymous> (E:\Populis_SI_Data\Monitora\monitora-repo\monitora-server\checa-aplicativo.js:57:31)
    at Request.self.callback (E:\Populis_SI_Data\Monitora\monitora-repo\monitora-server\node_modules\request\request.js:200:22)
    at emitTwo (events.js:87:13)
    at Request.emit (events.js:172:7)
    at Request.<anonymous> (E:\Populis_SI_Data\Monitora\monitora-repo\monitora-server\node_modules\request\request.js:1067:10)
    at emitOne (events.js:82:20)
    at Request.emit (events.js:169:7)
    at IncomingMessage.<anonymous> (E:\Populis_SI_Data\Monitora\monitora-repo\monitora-server\node_modules\request\request.js:988:12)
    at emitNone (events.js:72:20)
    at IncomingMessage.emit (events.js:166:7)
undefined:1
()
  

SyntaxError: Unexpected end of input
    at ChecaAplicativo.handleSucesso (E:\Populis_SI_Data\Monitora\monitora-repo\monitora-server\checa-aplicativo.js:105:61)
    at null.<anonymous> (E:\Populis_SI_Data\Monitora\monitora-repo\monitora-server\checa-aplicativo.js:57:31)
    at Request.self.callback (E:\Populis_SI_Data\Monitora\monitora-repo\monitora-server\node_modules\request\request.js:200:22)
    at emitTwo (events.js:87:13)
    at Request.emit (events.js:172:7)
    at Request.<anonymous> (E:\Populis_SI_Data\Monitora\monitora-repo\monitora-server\node_modules\request\request.js:1067:10)
    at emitOne (events.js:82:20)
    at Request.emit (events.js:169:7)
    at IncomingMessage.<anonymous> (E:\Populis_SI_Data\Monitora\monitora-repo\monitora-server\node_modules\request\request.js:988:12)
    at emitNone (events.js:72:20)
    at IncomingMessage.emit (events.js:166:7)
undefined:1
()
  

SyntaxError: Unexpected end of input
    at ChecaAplicativo.handleSucesso (E:\Populis_SI_Data\Monitora\monitora-repo\monitora-server\checa-aplicativo.js:105:61)
    at null.<anonymous> (E:\Populis_SI_Data\Monitora\monitora-repo\monitora-server\checa-aplicativo.js:57:31)
    at Request.self.callback (E:\Populis_SI_Data\Monitora\monitora-repo\monitora-server\node_modules\request\request.js:200:22)
    at emitTwo (events.js:87:13)
    at Request.emit (events.js:172:7)
    at Request.<anonymous> (E:\Populis_SI_Data\Monitora\monitora-repo\monitora-server\node_modules\request\request.js:1067:10)
    at emitOne (events.js:82:20)
    at Request.emit (events.js:169:7)
    at IncomingMessage.<anonymous> (E:\Populis_SI_Data\Monitora\monitora-repo\monitora-server\node_modules\request\request.js:988:12)
    at emitNone (events.js:72:20)
    at IncomingMessage.emit (events.js:166:7)
undefined:1
()
  

SyntaxError: Unexpected end of input
    at ChecaAplicativo.handleSucesso (E:\Populis_SI_Data\Monitora\monitora-repo\monitora-server\checa-aplicativo.js:105:61)
    at null.<anonymous> (E:\Populis_SI_Data\Monitora\monitora-repo\monitora-server\checa-aplicativo.js:57:31)
    at Request.self.callback (E:\Populis_SI_Data\Monitora\monitora-repo\monitora-server\node_modules\request\request.js:200:22)
    at emitTwo (events.js:87:13)
    at Request.emit (events.js:172:7)
    at Request.<anonymous> (E:\Populis_SI_Data\Monitora\monitora-repo\monitora-server\node_modules\request\request.js:1067:10)
    at emitOne (events.js:82:20)
    at Request.emit (events.js:169:7)
    at IncomingMessage.<anonymous> (E:\Populis_SI_Data\Monitora\monitora-repo\monitora-server\node_modules\request\request.js:988:12)
    at emitNone (events.js:72:20)
undefined:1
()
  

SyntaxError: Unexpected end of input
    at ChecaAplicativo.handleSucesso (E:\Populis_SI_Data\Monitora\monitora-repo\monitora-server\checa-aplicativo.js:105:61)
    at null.<anonymous> (E:\Populis_SI_Data\Monitora\monitora-repo\monitora-server\checa-aplicativo.js:57:31)
    at Request.self.callback (E:\Populis_SI_Data\Monitora\monitora-repo\monitora-server\node_modules\request\request.js:200:22)
    at emitTwo (events.js:87:13)
    at Request.emit (events.js:172:7)
    at Request.<anonymous> (E:\Populis_SI_Data\Monitora\monitora-repo\monitora-server\node_modules\request\request.js:1067:10)
    at emitOne (events.js:82:20)
    at Request.emit (events.js:169:7)
    at IncomingMessage.<anonymous> (E:\Populis_SI_Data\Monitora\monitora-repo\monitora-server\node_modules\request\request.js:988:12)
    at emitNone (events.js:72:20)
undefined:1
()
  

SyntaxError: Unexpected end of input
    at ChecaAplicativo.handleSucesso (E:\Populis_SI_Data\Monitora\monitora-repo\monitora-server\checa-aplicativo.js:105:61)
    at null.<anonymous> (E:\Populis_SI_Data\Monitora\monitora-repo\monitora-server\checa-aplicativo.js:57:31)
    at Request.self.callback (E:\Populis_SI_Data\Monitora\monitora-repo\monitora-server\node_modules\request\request.js:200:22)
    at emitTwo (events.js:87:13)
    at Request.emit (events.js:172:7)
    at Request.<anonymous> (E:\Populis_SI_Data\Monitora\monitora-repo\monitora-server\node_modules\request\request.js:1067:10)
    at emitOne (events.js:82:20)
    at Request.emit (events.js:169:7)
    at IncomingMessage.<anonymous> (E:\Populis_SI_Data\Monitora\monitora-repo\monitora-server\node_modules\request\request.js:988:12)
    at emitNone (events.js:72:20)
undefined:1
()
  

SyntaxError: Unexpected end of input
    at ChecaAplicativo.handleSucesso (E:\Populis_SI_Data\Monitora\monitora-repo\monitora-server\checa-aplicativo.js:105:61)
    at null.<anonymous> (E:\Populis_SI_Data\Monitora\monitora-repo\monitora-server\checa-aplicativo.js:57:31)
    at Request.self.callback (E:\Populis_SI_Data\Monitora\monitora-repo\monitora-server\node_modules\request\request.js:200:22)
    at emitTwo (events.js:87:13)
    at Request.emit (events.js:172:7)
    at Request.<anonymous> (E:\Populis_SI_Data\Monitora\monitora-repo\monitora-server\node_modules\request\request.js:1067:10)
    at emitOne (events.js:82:20)
    at Request.emit (events.js:169:7)
    at IncomingMessage.<anonymous> (E:\Populis_SI_Data\Monitora\monitora-repo\monitora-server\node_modules\request\request.js:988:12)
    at emitNone (events.js:72:20)
undefined:1
()
  

SyntaxError: Unexpected end of input
    at ChecaAplicativo.handleSucesso (E:\Populis_SI_Data\Monitora\monitora-repo\monitora-server\checa-aplicativo.js:105:61)
    at null.<anonymous> (E:\Populis_SI_Data\Monitora\monitora-repo\monitora-server\checa-aplicativo.js:57:31)
    at Request.self.callback (E:\Populis_SI_Data\Monitora\monitora-repo\monitora-server\node_modules\request\request.js:200:22)
    at emitTwo (events.js:87:13)
    at Request.emit (events.js:172:7)
    at Request.<anonymous> (E:\Populis_SI_Data\Monitora\monitora-repo\monitora-server\node_modules\request\request.js:1067:10)
    at emitOne (events.js:82:20)
    at Request.emit (events.js:169:7)
    at IncomingMessage.<anonymous> (E:\Populis_SI_Data\Monitora\monitora-repo\monitora-server\node_modules\request\request.js:988:12)
    at emitNone (events.js:72:20)
undefined:1
()
  

SyntaxError: Unexpected end of input
    at ChecaAplicativo.handleSucesso (E:\Populis_SI_Data\Monitora\monitora-repo\monitora-server\checa-aplicativo.js:105:61)
    at null.<anonymous> (E:\Populis_SI_Data\Monitora\monitora-repo\monitora-server\checa-aplicativo.js:57:31)
    at Request.self.callback (E:\Populis_SI_Data\Monitora\monitora-repo\monitora-server\node_modules\request\request.js:200:22)
    at emitTwo (events.js:87:13)
    at Request.emit (events.js:172:7)
    at Request.<anonymous> (E:\Populis_SI_Data\Monitora\monitora-repo\monitora-server\node_modules\request\request.js:1067:10)
    at emitOne (events.js:82:20)
    at Request.emit (events.js:169:7)
    at IncomingMessage.<anonymous> (E:\Populis_SI_Data\Monitora\monitora-repo\monitora-server\node_modules\request\request.js:988:12)
    at emitNone (events.js:72:20)
    at IncomingMessage.emit (events.js:166:7)
undefined:1
()
  

SyntaxError: Unexpected end of input
    at ChecaAplicativo.handleSucesso (E:\Populis_SI_Data\Monitora\monitora-repo\monitora-server\checa-aplicativo.js:105:61)
    at null.<anonymous> (E:\Populis_SI_Data\Monitora\monitora-repo\monitora-server\checa-aplicativo.js:57:31)
    at Request.self.callback (E:\Populis_SI_Data\Monitora\monitora-repo\monitora-server\node_modules\request\request.js:200:22)
    at emitTwo (events.js:87:13)
    at Request.emit (events.js:172:7)
    at Request.<anonymous> (E:\Populis_SI_Data\Monitora\monitora-repo\monitora-server\node_modules\request\request.js:1067:10)
    at emitOne (events.js:82:20)
    at Request.emit (events.js:169:7)
    at IncomingMessage.<anonymous> (E:\Populis_SI_Data\Monitora\monitora-repo\monitora-server\node_modules\request\request.js:988:12)
    at emitNone (events.js:72:20)
undefined:1
()
  

SyntaxError: Unexpected end of input
    at ChecaAplicativo.handleSucesso (E:\Populis_SI_Data\Monitora\monitora-repo\monitora-server\checa-aplicativo.js:105:61)
    at null.<anonymous> (E:\Populis_SI_Data\Monitora\monitora-repo\monitora-server\checa-aplicativo.js:57:31)
    at Request.self.callback (E:\Populis_SI_Data\Monitora\monitora-repo\monitora-server\node_modules\request\request.js:200:22)
    at emitTwo (events.js:87:13)
    at Request.emit (events.js:172:7)
    at Request.<anonymous> (E:\Populis_SI_Data\Monitora\monitora-repo\monitora-server\node_modules\request\request.js:1067:10)
    at emitOne (events.js:82:20)
    at Request.emit (events.js:169:7)
    at IncomingMessage.<anonymous> (E:\Populis_SI_Data\Monitora\monitora-repo\monitora-server\node_modules\request\request.js:988:12)
    at emitNone (events.js:72:20)
    at IncomingMessage.emit (events.js:166:7)
undefined:1
()
  

SyntaxError: Unexpected end of input
    at ChecaAplicativo.handleSucesso (E:\Populis_SI_Data\Monitora\monitora-repo\monitora-server\checa-aplicativo.js:105:61)
    at null.<anonymous> (E:\Populis_SI_Data\Monitora\monitora-repo\monitora-server\checa-aplicativo.js:57:31)
    at Request.self.callback (E:\Populis_SI_Data\Monitora\monitora-repo\monitora-server\node_modules\request\request.js:200:22)
    at emitTwo (events.js:87:13)
    at Request.emit (events.js:172:7)
    at Request.<anonymous> (E:\Populis_SI_Data\Monitora\monitora-repo\monitora-server\node_modules\request\request.js:1067:10)
    at emitOne (events.js:82:20)
    at Request.emit (events.js:169:7)
    at IncomingMessage.<anonymous> (E:\Populis_SI_Data\Monitora\monitora-repo\monitora-server\node_modules\request\request.js:988:12)
    at emitNone (events.js:72:20)
    at IncomingMessage.emit (events.js:166:7)
undefined:1
()
  

SyntaxError: Unexpected end of input
    at ChecaAplicativo.handleSucesso (E:\Populis_SI_Data\Monitora\monitora-repo\monitora-server\checa-aplicativo.js:105:61)
    at null.<anonymous> (E:\Populis_SI_Data\Monitora\monitora-repo\monitora-server\checa-aplicativo.js:57:31)
    at Request.self.callback (E:\Populis_SI_Data\Monitora\monitora-repo\monitora-server\node_modules\request\request.js:200:22)
    at emitTwo (events.js:87:13)
    at Request.emit (events.js:172:7)
    at Request.<anonymous> (E:\Populis_SI_Data\Monitora\monitora-repo\monitora-server\node_modules\request\request.js:1067:10)
    at emitOne (events.js:82:20)
    at Request.emit (events.js:169:7)
    at IncomingMessage.<anonymous> (E:\Populis_SI_Data\Monitora\monitora-repo\monitora-server\node_modules\request\request.js:988:12)
    at emitNone (events.js:72:20)
    at IncomingMessage.emit (events.js:166:7)
undefined:1
()
  

SyntaxError: Unexpected end of input
    at ChecaAplicativo.handleSucesso (E:\Populis_SI_Data\Monitora\monitora-repo\monitora-server\checa-aplicativo.js:105:61)
    at null.<anonymous> (E:\Populis_SI_Data\Monitora\monitora-repo\monitora-server\checa-aplicativo.js:57:31)
    at Request.self.callback (E:\Populis_SI_Data\Monitora\monitora-repo\monitora-server\node_modules\request\request.js:200:22)
    at emitTwo (events.js:87:13)
    at Request.emit (events.js:172:7)
    at Request.<anonymous> (E:\Populis_SI_Data\Monitora\monitora-repo\monitora-server\node_modules\request\request.js:1067:10)
    at emitOne (events.js:82:20)
    at Request.emit (events.js:169:7)
    at IncomingMessage.<anonymous> (E:\Populis_SI_Data\Monitora\monitora-repo\monitora-server\node_modules\request\request.js:988:12)
    at emitNone (events.js:72:20)
    at IncomingMessage.emit (events.js:166:7)
undefined:1
()
  

SyntaxError: Unexpected end of input
    at ChecaAplicativo.handleSucesso (E:\Populis_SI_Data\Monitora\monitora-repo\monitora-server\checa-aplicativo.js:105:61)
    at null.<anonymous> (E:\Populis_SI_Data\Monitora\monitora-repo\monitora-server\checa-aplicativo.js:57:31)
    at Request.self.callback (E:\Populis_SI_Data\Monitora\monitora-repo\monitora-server\node_modules\request\request.js:200:22)
    at emitTwo (events.js:87:13)
    at Request.emit (events.js:172:7)
    at Request.<anonymous> (E:\Populis_SI_Data\Monitora\monitora-repo\monitora-server\node_modules\request\request.js:1067:10)
    at emitOne (events.js:82:20)
    at Request.emit (events.js:169:7)
    at IncomingMessage.<anonymous> (E:\Populis_SI_Data\Monitora\monitora-repo\monitora-server\node_modules\request\request.js:988:12)
    at emitNone (events.js:72:20)
    at IncomingMessage.emit (events.js:166:7)
undefined:1
()
  

SyntaxError: Unexpected end of input
    at ChecaAplicativo.handleSucesso (E:\Populis_SI_Data\Monitora\monitora-repo\monitora-server\checa-aplicativo.js:105:61)
    at null.<anonymous> (E:\Populis_SI_Data\Monitora\monitora-repo\monitora-server\checa-aplicativo.js:57:31)
    at Request.self.callback (E:\Populis_SI_Data\Monitora\monitora-repo\monitora-server\node_modules\request\request.js:200:22)
    at emitTwo (events.js:87:13)
    at Request.emit (events.js:172:7)
    at Request.<anonymous> (E:\Populis_SI_Data\Monitora\monitora-repo\monitora-server\node_modules\request\request.js:1067:10)
    at emitOne (events.js:82:20)
    at Request.emit (events.js:169:7)
    at IncomingMessage.<anonymous> (E:\Populis_SI_Data\Monitora\monitora-repo\monitora-server\node_modules\request\request.js:988:12)
    at emitNone (events.js:72:20)
undefined:1
()
  

SyntaxError: Unexpected end of input
    at ChecaAplicativo.handleSucesso (E:\Populis_SI_Data\Monitora\monitora-repo\monitora-server\checa-aplicativo.js:105:61)
    at null.<anonymous> (E:\Populis_SI_Data\Monitora\monitora-repo\monitora-server\checa-aplicativo.js:57:31)
    at Request.self.callback (E:\Populis_SI_Data\Monitora\monitora-repo\monitora-server\node_modules\request\request.js:200:22)
    at emitTwo (events.js:87:13)
    at Request.emit (events.js:172:7)
    at Request.<anonymous> (E:\Populis_SI_Data\Monitora\monitora-repo\monitora-server\node_modules\request\request.js:1067:10)
    at emitOne (events.js:82:20)
    at Request.emit (events.js:169:7)
    at IncomingMessage.<anonymous> (E:\Populis_SI_Data\Monitora\monitora-repo\monitora-server\node_modules\request\request.js:988:12)
    at emitNone (events.js:72:20)
    at IncomingMessage.emit (events.js:166:7)
undefined:1
()
  

SyntaxError: Unexpected end of input
    at ChecaAplicativo.handleSucesso (E:\Populis_SI_Data\Monitora\monitora-repo\monitora-server\checa-aplicativo.js:105:61)
    at null.<anonymous> (E:\Populis_SI_Data\Monitora\monitora-repo\monitora-server\checa-aplicativo.js:57:31)
    at Request.self.callback (E:\Populis_SI_Data\Monitora\monitora-repo\monitora-server\node_modules\request\request.js:200:22)
    at emitTwo (events.js:87:13)
    at Request.emit (events.js:172:7)
    at Request.<anonymous> (E:\Populis_SI_Data\Monitora\monitora-repo\monitora-server\node_modules\request\request.js:1067:10)
    at emitOne (events.js:82:20)
    at Request.emit (events.js:169:7)
    at IncomingMessage.<anonymous> (E:\Populis_SI_Data\Monitora\monitora-repo\monitora-server\node_modules\request\request.js:988:12)
    at emitNone (events.js:72:20)
    at IncomingMessage.emit (events.js:166:7)
undefined:1
()
  

SyntaxError: Unexpected end of input
    at ChecaAplicativo.handleSucesso (E:\Populis_SI_Data\Monitora\monitora-repo\monitora-server\checa-aplicativo.js:105:61)
    at null.<anonymous> (E:\Populis_SI_Data\Monitora\monitora-repo\monitora-server\checa-aplicativo.js:57:31)
    at Request.self.callback (E:\Populis_SI_Data\Monitora\monitora-repo\monitora-server\node_modules\request\request.js:200:22)
    at emitTwo (events.js:87:13)
    at Request.emit (events.js:172:7)
    at Request.<anonymous> (E:\Populis_SI_Data\Monitora\monitora-repo\monitora-server\node_modules\request\request.js:1067:10)
    at emitOne (events.js:82:20)
    at Request.emit (events.js:169:7)
    at IncomingMessage.<anonymous> (E:\Populis_SI_Data\Monitora\monitora-repo\monitora-server\node_modules\request\request.js:988:12)
    at emitNone (events.js:72:20)
undefined:1
()
  

SyntaxError: Unexpected end of input
    at ChecaAplicativo.handleSucesso (E:\Populis_SI_Data\Monitora\monitora-repo\monitora-server\checa-aplicativo.js:105:61)
    at null.<anonymous> (E:\Populis_SI_Data\Monitora\monitora-repo\monitora-server\checa-aplicativo.js:57:31)
    at Request.self.callback (E:\Populis_SI_Data\Monitora\monitora-repo\monitora-server\node_modules\request\request.js:200:22)
    at emitTwo (events.js:87:13)
    at Request.emit (events.js:172:7)
    at Request.<anonymous> (E:\Populis_SI_Data\Monitora\monitora-repo\monitora-server\node_modules\request\request.js:1067:10)
    at emitOne (events.js:82:20)
    at Request.emit (events.js:169:7)
    at IncomingMessage.<anonymous> (E:\Populis_SI_Data\Monitora\monitora-repo\monitora-server\node_modules\request\request.js:988:12)
    at emitNone (events.js:72:20)
    at IncomingMessage.emit (events.js:166:7)
undefined:1
()
  

SyntaxError: Unexpected end of input
    at ChecaAplicativo.handleSucesso (E:\Populis_SI_Data\Monitora\monitora-repo\monitora-server\checa-aplicativo.js:105:61)
    at null.<anonymous> (E:\Populis_SI_Data\Monitora\monitora-repo\monitora-server\checa-aplicativo.js:57:31)
    at Request.self.callback (E:\Populis_SI_Data\Monitora\monitora-repo\monitora-server\node_modules\request\request.js:200:22)
    at emitTwo (events.js:87:13)
    at Request.emit (events.js:172:7)
    at Request.<anonymous> (E:\Populis_SI_Data\Monitora\monitora-repo\monitora-server\node_modules\request\request.js:1067:10)
    at emitOne (events.js:82:20)
    at Request.emit (events.js:169:7)
    at IncomingMessage.<anonymous> (E:\Populis_SI_Data\Monitora\monitora-repo\monitora-server\node_modules\request\request.js:988:12)
    at emitNone (events.js:72:20)
    at IncomingMessage.emit (events.js:166:7)
undefined:1
()
  

SyntaxError: Unexpected end of input
    at ChecaAplicativo.handleSucesso (E:\Populis_SI_Data\Monitora\monitora-repo\monitora-server\checa-aplicativo.js:105:61)
    at null.<anonymous> (E:\Populis_SI_Data\Monitora\monitora-repo\monitora-server\checa-aplicativo.js:57:31)
    at Request.self.callback (E:\Populis_SI_Data\Monitora\monitora-repo\monitora-server\node_modules\request\request.js:200:22)
    at emitTwo (events.js:87:13)
    at Request.emit (events.js:172:7)
    at Request.<anonymous> (E:\Populis_SI_Data\Monitora\monitora-repo\monitora-server\node_modules\request\request.js:1067:10)
    at emitOne (events.js:82:20)
    at Request.emit (events.js:169:7)
    at IncomingMessage.<anonymous> (E:\Populis_SI_Data\Monitora\monitora-repo\monitora-server\node_modules\request\request.js:988:12)
    at emitNone (events.js:72:20)
    at IncomingMessage.emit (events.js:166:7)
undefined:1
()
  

SyntaxError: Unexpected end of input
    at ChecaAplicativo.handleSucesso (E:\Populis_SI_Data\Monitora\monitora-repo\monitora-server\checa-aplicativo.js:105:61)
    at null.<anonymous> (E:\Populis_SI_Data\Monitora\monitora-repo\monitora-server\checa-aplicativo.js:57:31)
    at Request.self.callback (E:\Populis_SI_Data\Monitora\monitora-repo\monitora-server\node_modules\request\request.js:200:22)
    at emitTwo (events.js:87:13)
    at Request.emit (events.js:172:7)
    at Request.<anonymous> (E:\Populis_SI_Data\Monitora\monitora-repo\monitora-server\node_modules\request\request.js:1067:10)
    at emitOne (events.js:82:20)
    at Request.emit (events.js:169:7)
    at IncomingMessage.<anonymous> (E:\Populis_SI_Data\Monitora\monitora-repo\monitora-server\node_modules\request\request.js:988:12)
    at emitNone (events.js:72:20)
undefined:1
()
  

SyntaxError: Unexpected end of input
    at ChecaAplicativo.handleSucesso (E:\Populis_SI_Data\Monitora\monitora-repo\monitora-server\checa-aplicativo.js:105:61)
    at null.<anonymous> (E:\Populis_SI_Data\Monitora\monitora-repo\monitora-server\checa-aplicativo.js:57:31)
    at Request.self.callback (E:\Populis_SI_Data\Monitora\monitora-repo\monitora-server\node_modules\request\request.js:200:22)
    at emitTwo (events.js:87:13)
    at Request.emit (events.js:172:7)
    at Request.<anonymous> (E:\Populis_SI_Data\Monitora\monitora-repo\monitora-server\node_modules\request\request.js:1067:10)
    at emitOne (events.js:82:20)
    at Request.emit (events.js:169:7)
    at IncomingMessage.<anonymous> (E:\Populis_SI_Data\Monitora\monitora-repo\monitora-server\node_modules\request\request.js:988:12)
    at emitNone (events.js:72:20)
    at IncomingMessage.emit (events.js:166:7)
undefined:1
()
  

SyntaxError: Unexpected end of input
    at ChecaAplicativo.handleSucesso (E:\Populis_SI_Data\Monitora\monitora-repo\monitora-server\checa-aplicativo.js:105:61)
    at null.<anonymous> (E:\Populis_SI_Data\Monitora\monitora-repo\monitora-server\checa-aplicativo.js:57:31)
    at Request.self.callback (E:\Populis_SI_Data\Monitora\monitora-repo\monitora-server\node_modules\request\request.js:200:22)
    at emitTwo (events.js:87:13)
    at Request.emit (events.js:172:7)
    at Request.<anonymous> (E:\Populis_SI_Data\Monitora\monitora-repo\monitora-server\node_modules\request\request.js:1067:10)
    at emitOne (events.js:82:20)
    at Request.emit (events.js:169:7)
    at IncomingMessage.<anonymous> (E:\Populis_SI_Data\Monitora\monitora-repo\monitora-server\node_modules\request\request.js:988:12)
    at emitNone (events.js:72:20)
    at IncomingMessage.emit (events.js:166:7)
undefined:1
()
  

SyntaxError: Unexpected end of input
    at ChecaAplicativo.handleSucesso (E:\Populis_SI_Data\Monitora\monitora-repo\monitora-server\checa-aplicativo.js:105:61)
    at null.<anonymous> (E:\Populis_SI_Data\Monitora\monitora-repo\monitora-server\checa-aplicativo.js:57:31)
    at Request.self.callback (E:\Populis_SI_Data\Monitora\monitora-repo\monitora-server\node_modules\request\request.js:200:22)
    at emitTwo (events.js:87:13)
    at Request.emit (events.js:172:7)
    at Request.<anonymous> (E:\Populis_SI_Data\Monitora\monitora-repo\monitora-server\node_modules\request\request.js:1067:10)
    at emitOne (events.js:82:20)
    at Request.emit (events.js:169:7)
    at IncomingMessage.<anonymous> (E:\Populis_SI_Data\Monitora\monitora-repo\monitora-server\node_modules\request\request.js:988:12)
    at emitNone (events.js:72:20)
    at IncomingMessage.emit (events.js:166:7)
undefined:1
()
  

SyntaxError: Unexpected end of input
    at ChecaAplicativo.handleSucesso (E:\Populis_SI_Data\Monitora\monitora-repo\monitora-server\checa-aplicativo.js:105:61)
    at null.<anonymous> (E:\Populis_SI_Data\Monitora\monitora-repo\monitora-server\checa-aplicativo.js:57:31)
    at Request.self.callback (E:\Populis_SI_Data\Monitora\monitora-repo\monitora-server\node_modules\request\request.js:200:22)
    at emitTwo (events.js:87:13)
    at Request.emit (events.js:172:7)
    at Request.<anonymous> (E:\Populis_SI_Data\Monitora\monitora-repo\monitora-server\node_modules\request\request.js:1067:10)
    at emitOne (events.js:82:20)
    at Request.emit (events.js:169:7)
    at IncomingMessage.<anonymous> (E:\Populis_SI_Data\Monitora\monitora-repo\monitora-server\node_modules\request\request.js:988:12)
    at emitNone (events.js:72:20)
undefined:1
()
  

SyntaxError: Unexpected end of input
    at ChecaAplicativo.handleSucesso (E:\Populis_SI_Data\Monitora\monitora-repo\monitora-server\checa-aplicativo.js:105:61)
    at null.<anonymous> (E:\Populis_SI_Data\Monitora\monitora-repo\monitora-server\checa-aplicativo.js:57:31)
    at Request.self.callback (E:\Populis_SI_Data\Monitora\monitora-repo\monitora-server\node_modules\request\request.js:200:22)
    at emitTwo (events.js:87:13)
    at Request.emit (events.js:172:7)
    at Request.<anonymous> (E:\Populis_SI_Data\Monitora\monitora-repo\monitora-server\node_modules\request\request.js:1067:10)
    at emitOne (events.js:82:20)
    at Request.emit (events.js:169:7)
    at IncomingMessage.<anonymous> (E:\Populis_SI_Data\Monitora\monitora-repo\monitora-server\node_modules\request\request.js:988:12)
    at emitNone (events.js:72:20)
    at IncomingMessage.emit (events.js:166:7)
undefined:1
()
  

SyntaxError: Unexpected end of input
    at ChecaAplicativo.handleSucesso (E:\Populis_SI_Data\Monitora\monitora-repo\monitora-server\checa-aplicativo.js:105:61)
    at null.<anonymous> (E:\Populis_SI_Data\Monitora\monitora-repo\monitora-server\checa-aplicativo.js:57:31)
    at Request.self.callback (E:\Populis_SI_Data\Monitora\monitora-repo\monitora-server\node_modules\request\request.js:200:22)
    at emitTwo (events.js:87:13)
    at Request.emit (events.js:172:7)
    at Request.<anonymous> (E:\Populis_SI_Data\Monitora\monitora-repo\monitora-server\node_modules\request\request.js:1067:10)
    at emitOne (events.js:82:20)
    at Request.emit (events.js:169:7)
    at IncomingMessage.<anonymous> (E:\Populis_SI_Data\Monitora\monitora-repo\monitora-server\node_modules\request\request.js:988:12)
    at emitNone (events.js:72:20)
    at IncomingMessage.emit (events.js:166:7)
undefined:1
()
  

SyntaxError: Unexpected end of input
    at ChecaAplicativo.handleSucesso (E:\Populis_SI_Data\Monitora\monitora-repo\monitora-server\checa-aplicativo.js:105:61)
    at null.<anonymous> (E:\Populis_SI_Data\Monitora\monitora-repo\monitora-server\checa-aplicativo.js:57:31)
    at Request.self.callback (E:\Populis_SI_Data\Monitora\monitora-repo\monitora-server\node_modules\request\request.js:200:22)
    at emitTwo (events.js:87:13)
    at Request.emit (events.js:172:7)
    at Request.<anonymous> (E:\Populis_SI_Data\Monitora\monitora-repo\monitora-server\node_modules\request\request.js:1067:10)
    at emitOne (events.js:82:20)
    at Request.emit (events.js:169:7)
    at IncomingMessage.<anonymous> (E:\Populis_SI_Data\Monitora\monitora-repo\monitora-server\node_modules\request\request.js:988:12)
    at emitNone (events.js:72:20)
    at IncomingMessage.emit (events.js:166:7)
undefined:1
()
  

SyntaxError: Unexpected end of input
    at ChecaAplicativo.handleSucesso (E:\Populis_SI_Data\Monitora\monitora-repo\monitora-server\checa-aplicativo.js:105:61)
    at null.<anonymous> (E:\Populis_SI_Data\Monitora\monitora-repo\monitora-server\checa-aplicativo.js:57:31)
    at Request.self.callback (E:\Populis_SI_Data\Monitora\monitora-repo\monitora-server\node_modules\request\request.js:200:22)
    at emitTwo (events.js:87:13)
    at Request.emit (events.js:172:7)
    at Request.<anonymous> (E:\Populis_SI_Data\Monitora\monitora-repo\monitora-server\node_modules\request\request.js:1067:10)
    at emitOne (events.js:82:20)
    at Request.emit (events.js:169:7)
    at IncomingMessage.<anonymous> (E:\Populis_SI_Data\Monitora\monitora-repo\monitora-server\node_modules\request\request.js:988:12)
    at emitNone (events.js:72:20)
    at IncomingMessage.emit (events.js:166:7)
undefined:1
()
  

SyntaxError: Unexpected end of input
    at ChecaAplicativo.handleSucesso (E:\Populis_SI_Data\Monitora\monitora-repo\monitora-server\checa-aplicativo.js:105:61)
    at null.<anonymous> (E:\Populis_SI_Data\Monitora\monitora-repo\monitora-server\checa-aplicativo.js:57:31)
    at Request.self.callback (E:\Populis_SI_Data\Monitora\monitora-repo\monitora-server\node_modules\request\request.js:200:22)
    at emitTwo (events.js:87:13)
    at Request.emit (events.js:172:7)
    at Request.<anonymous> (E:\Populis_SI_Data\Monitora\monitora-repo\monitora-server\node_modules\request\request.js:1067:10)
    at emitOne (events.js:82:20)
    at Request.emit (events.js:169:7)
    at IncomingMessage.<anonymous> (E:\Populis_SI_Data\Monitora\monitora-repo\monitora-server\node_modules\request\request.js:988:12)
    at emitNone (events.js:72:20)
    at IncomingMessage.emit (events.js:166:7)
undefined:1
()
  

SyntaxError: Unexpected end of input
    at ChecaAplicativo.handleSucesso (E:\Populis_SI_Data\Monitora\monitora-repo\monitora-server\checa-aplicativo.js:105:61)
    at null.<anonymous> (E:\Populis_SI_Data\Monitora\monitora-repo\monitora-server\checa-aplicativo.js:57:31)
    at Request.self.callback (E:\Populis_SI_Data\Monitora\monitora-repo\monitora-server\node_modules\request\request.js:200:22)
    at emitTwo (events.js:87:13)
    at Request.emit (events.js:172:7)
    at Request.<anonymous> (E:\Populis_SI_Data\Monitora\monitora-repo\monitora-server\node_modules\request\request.js:1067:10)
    at emitOne (events.js:82:20)
    at Request.emit (events.js:169:7)
    at IncomingMessage.<anonymous> (E:\Populis_SI_Data\Monitora\monitora-repo\monitora-server\node_modules\request\request.js:988:12)
    at emitNone (events.js:72:20)
    at IncomingMessage.emit (events.js:166:7)
undefined:1
()
  

SyntaxError: Unexpected end of input
    at ChecaAplicativo.handleSucesso (E:\Populis_SI_Data\Monitora\monitora-repo\monitora-server\checa-aplicativo.js:105:61)
    at null.<anonymous> (E:\Populis_SI_Data\Monitora\monitora-repo\monitora-server\checa-aplicativo.js:57:31)
    at Request.self.callback (E:\Populis_SI_Data\Monitora\monitora-repo\monitora-server\node_modules\request\request.js:200:22)
    at emitTwo (events.js:87:13)
    at Request.emit (events.js:172:7)
    at Request.<anonymous> (E:\Populis_SI_Data\Monitora\monitora-repo\monitora-server\node_modules\request\request.js:1067:10)
    at emitOne (events.js:82:20)
    at Request.emit (events.js:169:7)
    at IncomingMessage.<anonymous> (E:\Populis_SI_Data\Monitora\monitora-repo\monitora-server\node_modules\request\request.js:988:12)
    at emitNone (events.js:72:20)
undefined:1
()
  

SyntaxError: Unexpected end of input
    at ChecaAplicativo.handleSucesso (E:\Populis_SI_Data\Monitora\monitora-repo\monitora-server\checa-aplicativo.js:105:61)
    at null.<anonymous> (E:\Populis_SI_Data\Monitora\monitora-repo\monitora-server\checa-aplicativo.js:57:31)
    at Request.self.callback (E:\Populis_SI_Data\Monitora\monitora-repo\monitora-server\node_modules\request\request.js:200:22)
    at emitTwo (events.js:87:13)
    at Request.emit (events.js:172:7)
    at Request.<anonymous> (E:\Populis_SI_Data\Monitora\monitora-repo\monitora-server\node_modules\request\request.js:1067:10)
    at emitOne (events.js:82:20)
    at Request.emit (events.js:169:7)
    at IncomingMessage.<anonymous> (E:\Populis_SI_Data\Monitora\monitora-repo\monitora-server\node_modules\request\request.js:988:12)
    at emitNone (events.js:72:20)
    at IncomingMessage.emit (events.js:166:7)
undefined:1
()
  

SyntaxError: Unexpected end of input
    at ChecaAplicativo.handleSucesso (E:\Populis_SI_Data\Monitora\monitora-repo\monitora-server\checa-aplicativo.js:105:61)
    at null.<anonymous> (E:\Populis_SI_Data\Monitora\monitora-repo\monitora-server\checa-aplicativo.js:57:31)
    at Request.self.callback (E:\Populis_SI_Data\Monitora\monitora-repo\monitora-server\node_modules\request\request.js:200:22)
    at emitTwo (events.js:87:13)
    at Request.emit (events.js:172:7)
    at Request.<anonymous> (E:\Populis_SI_Data\Monitora\monitora-repo\monitora-server\node_modules\request\request.js:1067:10)
    at emitOne (events.js:82:20)
    at Request.emit (events.js:169:7)
    at IncomingMessage.<anonymous> (E:\Populis_SI_Data\Monitora\monitora-repo\monitora-server\node_modules\request\request.js:988:12)
    at emitNone (events.js:72:20)
    at IncomingMessage.emit (events.js:166:7)
undefined:1
()
  

SyntaxError: Unexpected end of input
    at ChecaAplicativo.handleSucesso (E:\Populis_SI_Data\Monitora\monitora-repo\monitora-server\checa-aplicativo.js:105:61)
    at null.<anonymous> (E:\Populis_SI_Data\Monitora\monitora-repo\monitora-server\checa-aplicativo.js:57:31)
    at Request.self.callback (E:\Populis_SI_Data\Monitora\monitora-repo\monitora-server\node_modules\request\request.js:200:22)
    at emitTwo (events.js:87:13)
    at Request.emit (events.js:172:7)
    at Request.<anonymous> (E:\Populis_SI_Data\Monitora\monitora-repo\monitora-server\node_modules\request\request.js:1067:10)
    at emitOne (events.js:82:20)
    at Request.emit (events.js:169:7)
    at IncomingMessage.<anonymous> (E:\Populis_SI_Data\Monitora\monitora-repo\monitora-server\node_modules\request\request.js:988:12)
    at emitNone (events.js:72:20)
undefined:1
()
  

SyntaxError: Unexpected end of input
    at ChecaAplicativo.handleSucesso (E:\Populis_SI_Data\Monitora\monitora-repo\monitora-server\checa-aplicativo.js:105:61)
    at null.<anonymous> (E:\Populis_SI_Data\Monitora\monitora-repo\monitora-server\checa-aplicativo.js:57:31)
    at Request.self.callback (E:\Populis_SI_Data\Monitora\monitora-repo\monitora-server\node_modules\request\request.js:200:22)
    at emitTwo (events.js:87:13)
    at Request.emit (events.js:172:7)
    at Request.<anonymous> (E:\Populis_SI_Data\Monitora\monitora-repo\monitora-server\node_modules\request\request.js:1067:10)
    at emitOne (events.js:82:20)
    at Request.emit (events.js:169:7)
    at IncomingMessage.<anonymous> (E:\Populis_SI_Data\Monitora\monitora-repo\monitora-server\node_modules\request\request.js:988:12)
    at emitNone (events.js:72:20)
    at IncomingMessage.emit (events.js:166:7)
